[17Nov2024 07:52:35.613] [main/INFO] [cpw.mods.modlauncher.Launcher/MODLAUNCHER]: ModLauncher running: args [--launchTarget, forgeclientuserdev, --version, 21.3.10-beta, --assetIndex, 18, --assetsDir, /home/cx/.gradle/caches/neoformruntime/assets, --gameDir, ., --fml.neoForgeVersion, 21.3.10-beta, --fml.fmlVersion, 5.0.1, --fml.mcVersion, 1.21.3, --fml.neoFormVersion, 20241023.131943]
[17Nov2024 07:52:35.614] [main/INFO] [cpw.mods.modlauncher.Launcher/MODLAUNCHER]: JVM identified as Eclipse Adoptium OpenJDK 64-Bit Server VM 21.0.5+11-LTS
[17Nov2024 07:52:35.615] [main/INFO] [cpw.mods.modlauncher.Launcher/MODLAUNCHER]: ModLauncher 11.0.4+main.d2e20e43 starting: java version 21.0.5 by Eclipse Adoptium; OS Linux arch amd64 version 6.11.7-300.fc41.x86_64
[17Nov2024 07:52:35.698] [main/INFO] [net.neoforged.fml.loading.ImmediateWindowHandler/]: Loading ImmediateWindowProvider fmlearlywindow
[17Nov2024 07:52:35.780] [main/INFO] [EARLYDISPLAY/]: Trying GL version 4.6
[17Nov2024 07:52:35.843] [main/INFO] [EARLYDISPLAY/]: Requested GL version 4.6 got version 4.6
[17Nov2024 07:52:35.912] [main/INFO] [mixin/]: SpongePowered MIXIN Subsystem Version=0.8.7 Source=union:/home/cx/.gradle/caches/modules-2/files-2.1/net.fabricmc/sponge-mixin/0.15.2+mixin.0.8.7/2af2f021d8e02a0220dc27a7a72b4666d66d44ca/sponge-mixin-0.15.2+mixin.0.8.7.jar%23143!/ Service=ModLauncher Env=CLIENT
[17Nov2024 07:52:36.016] [pool-2-thread-1/INFO] [EARLYDISPLAY/]: GL info: AMD Radeon 760M (radeonsi, gfx1103_r1, LLVM 19.1.0, DRM 3.59, 6.11.7-300.fc41.x86_64) GL version 4.6 (Core Profile) Mesa 24.2.6, AMD
[17Nov2024 07:52:36.119] [main/INFO] [net.neoforged.fml.loading.moddiscovery.locators.JarInJarDependencyLocator/]: Found 2 dependencies adding them to mods collection
[17Nov2024 07:52:36.121] [main/INFO] [net.neoforged.fml.loading.moddiscovery.ModDiscoverer/]: 
     Mod List:
		Name Version (Mod Id)

		Arcane Divinity 21.3.10-beta (arcane_divinity)
		GeckoLib 4 4.7.1 (geckolib)
		Minecraft 1.21.3 (minecraft)
		NeoForge 21.3.10-beta (neoforge)
[17Nov2024 07:52:36.412] [main/INFO] [mixin/]: Compatibility level set to JAVA_21
[17Nov2024 07:52:36.421] [main/INFO] [cpw.mods.modlauncher.LaunchServiceHandler/MODLAUNCHER]: Launching target 'forgeclientuserdev' with arguments [--version, 21.3.10-beta, --gameDir, ., --assetsDir, /home/cx/.gradle/caches/neoformruntime/assets, --assetIndex, 18]
[17Nov2024 07:52:36.451] [main/WARN] [mixin/]: Reference map 'arcane_divinity.refmap.json' for arcane_divinity.mixins.json could not be read. If this is a development environment you can ignore this message
[17Nov2024 07:52:36.452] [main/WARN] [mixin/]: Reference map 'geckolib.refmap.json' for geckolib.mixins.json could not be read. If this is a development environment you can ignore this message
[17Nov2024 07:52:36.630] [main/INFO] [MixinExtras|Service/]: Initializing MixinExtras via com.llamalad7.mixinextras.service.MixinExtrasServiceImpl(version=0.4.1).
[17Nov2024 07:52:37.560] [Datafixer Bootstrap/INFO] [com.mojang.datafixers.DataFixerBuilder/]: 240 Datafixer optimizations took 213 milliseconds
[17Nov2024 07:52:40.979] [main/WARN] [net.minecraft.commands.Commands/]: Ambiguity between arguments [teleport, location] and [teleport, destination] with inputs: [0.1 -0.5 .9, 0 0 0]
[17Nov2024 07:52:40.980] [main/WARN] [net.minecraft.commands.Commands/]: Ambiguity between arguments [teleport, location] and [teleport, targets] with inputs: [0.1 -0.5 .9, 0 0 0]
[17Nov2024 07:52:40.983] [main/WARN] [net.minecraft.commands.Commands/]: Ambiguity between arguments [teleport, destination] and [teleport, targets] with inputs: [Player, 0123, @e, dd12be42-52a9-4a91-a8a1-11c01849e498]
[17Nov2024 07:52:40.984] [main/WARN] [net.minecraft.commands.Commands/]: Ambiguity between arguments [teleport, targets] and [teleport, destination] with inputs: [Player, 0123, dd12be42-52a9-4a91-a8a1-11c01849e498]
[17Nov2024 07:52:40.986] [main/WARN] [net.minecraft.commands.Commands/]: Ambiguity between arguments [teleport, targets, location] and [teleport, targets, destination] with inputs: [0.1 -0.5 .9, 0 0 0]
[17Nov2024 07:52:41.079] [Render thread/WARN] [net.minecraft.server.packs.VanillaPackResourcesBuilder/]: Assets URL 'union:/home/cx/dev/arcane_divinity/neoforge/build/moddev/artifacts/neoforge-21.3.10-beta-minecraft.jar%23197!/assets/.mcassetsroot' uses unexpected schema
[17Nov2024 07:52:41.079] [Render thread/WARN] [net.minecraft.server.packs.VanillaPackResourcesBuilder/]: Assets URL 'union:/home/cx/dev/arcane_divinity/neoforge/build/moddev/artifacts/neoforge-21.3.10-beta-minecraft.jar%23197!/data/.mcassetsroot' uses unexpected schema
[17Nov2024 07:52:41.096] [Render thread/INFO] [com.mojang.authlib.yggdrasil.YggdrasilAuthenticationService/]: Environment: Environment[sessionHost=https://sessionserver.mojang.com, servicesHost=https://api.minecraftservices.com, name=PROD]
[17Nov2024 07:52:41.103] [Render thread/INFO] [net.minecraft.client.Minecraft/]: Setting user: Dev
[17Nov2024 07:52:41.155] [Render thread/INFO] [net.minecraft.client.Minecraft/]: Backend library: LWJGL version 3.3.3+5
[17Nov2024 07:52:41.290] [modloading-worker-0/INFO] [arcane_divinity/]: Hello NeoForge world!
[17Nov2024 07:52:41.302] [modloading-worker-0/INFO] [net.neoforged.neoforge.common.NeoForgeMod/NEOFORGE-MOD]: NeoForge mod loading, version 21.3.10-beta, for MC 1.21.3
[17Nov2024 07:52:41.925] [Render thread/INFO] [net.neoforged.neoforge.gametest.GameTestHooks/]: Enabled Gametest Namespaces: []
[17Nov2024 07:52:42.024] [Render thread/INFO] [net.minecraft.server.packs.resources.ReloadableResourceManager/]: Reloading ResourceManager: vanilla, mod_resources, mod/arcane_divinity, mod/geckolib, mod/neoforge
[17Nov2024 07:52:42.077] [Render thread/INFO] [arcane_divinity/]: This line is printed by an example mod common mixin!
[17Nov2024 07:52:42.077] [Render thread/INFO] [arcane_divinity/]: MC Version: release
[17Nov2024 07:52:42.095] [resourceLoad/INFO] [net.minecraft.client.gui.font.providers.UnihexProvider/]: Found unifont_all_no_pua-15.1.05.hex, loading
[17Nov2024 07:52:42.132] [resourceLoad/INFO] [net.minecraft.client.gui.font.providers.UnihexProvider/]: Found unifont_jp_patch-15.1.05.hex, loading
[17Nov2024 07:52:42.471] [resourceLoad/WARN] [net.minecraft.client.resources.model.ModelDiscovery/]: Missing block model: 'arcane_divinity:geo/block/arcane_altar'
[17Nov2024 07:52:42.505] [resourceLoad/WARN] [net.minecraft.client.resources.model.ModelDiscovery/]: Missing block model: 'arcane_divinity:block/arcane_altar'
[17Nov2024 07:52:42.837] [resourceLoad/WARN] [net.minecraft.client.resources.model.ModelManager/]: Missing textures in model neoforge:bucket_milk#inventory:
    minecraft:textures/atlas/blocks.png:neoforge:items/bucket_base
    minecraft:textures/atlas/blocks.png:neoforge:items/bucket_cover
    minecraft:textures/atlas/blocks.png:neoforge:items/bucket_fluid
[17Nov2024 07:52:43.051] [Render thread/WARN] [net.minecraft.client.sounds.SoundEngine/]: Missing sound for event: minecraft:block.spawner.fall
[17Nov2024 07:52:43.079] [Render thread/INFO] [com.mojang.blaze3d.audio.Library/]: OpenAL initialized on device Family 17h/19h HD Audio Controller Analog Stereo
[17Nov2024 07:52:43.079] [Render thread/INFO] [net.minecraft.client.sounds.SoundEngine/SOUNDS]: Sound engine started
[17Nov2024 07:52:43.175] [Render thread/INFO] [net.minecraft.client.renderer.texture.TextureAtlas/]: Created: 2048x1024x4 minecraft:textures/atlas/blocks.png-atlas
[17Nov2024 07:52:43.209] [Render thread/INFO] [net.minecraft.client.renderer.texture.TextureAtlas/]: Created: 256x256x4 minecraft:textures/atlas/signs.png-atlas
[17Nov2024 07:52:43.211] [Render thread/INFO] [net.minecraft.client.renderer.texture.TextureAtlas/]: Created: 512x512x4 minecraft:textures/atlas/shield_patterns.png-atlas
[17Nov2024 07:52:43.212] [Render thread/INFO] [net.minecraft.client.renderer.texture.TextureAtlas/]: Created: 512x512x4 minecraft:textures/atlas/banner_patterns.png-atlas
[17Nov2024 07:52:43.213] [Render thread/INFO] [net.minecraft.client.renderer.texture.TextureAtlas/]: Created: 1024x1024x4 minecraft:textures/atlas/armor_trims.png-atlas
[17Nov2024 07:52:43.219] [Render thread/INFO] [net.minecraft.client.renderer.texture.TextureAtlas/]: Created: 128x64x4 minecraft:textures/atlas/decorated_pot.png-atlas
[17Nov2024 07:52:43.220] [Render thread/INFO] [net.minecraft.client.renderer.texture.TextureAtlas/]: Created: 256x256x4 minecraft:textures/atlas/chest.png-atlas
[17Nov2024 07:52:43.220] [Render thread/INFO] [net.minecraft.client.renderer.texture.TextureAtlas/]: Created: 512x256x4 minecraft:textures/atlas/beds.png-atlas
[17Nov2024 07:52:43.226] [Render thread/INFO] [net.minecraft.client.renderer.texture.TextureAtlas/]: Created: 512x256x4 minecraft:textures/atlas/shulker_boxes.png-atlas
[17Nov2024 07:52:43.289] [Render thread/INFO] [net.minecraft.client.renderer.texture.TextureAtlas/]: Created: 64x64x0 minecraft:textures/atlas/map_decorations.png-atlas
[17Nov2024 07:52:43.416] [Render thread/INFO] [net.minecraft.client.renderer.texture.TextureAtlas/]: Created: 512x256x0 minecraft:textures/atlas/particles.png-atlas
[17Nov2024 07:52:43.419] [Render thread/INFO] [net.minecraft.client.renderer.texture.TextureAtlas/]: Created: 512x256x0 minecraft:textures/atlas/paintings.png-atlas
[17Nov2024 07:52:43.420] [Render thread/INFO] [net.minecraft.client.renderer.texture.TextureAtlas/]: Created: 256x128x0 minecraft:textures/atlas/mob_effects.png-atlas
[17Nov2024 07:52:43.420] [Render thread/INFO] [net.minecraft.client.renderer.texture.TextureAtlas/]: Created: 1024x512x0 minecraft:textures/atlas/gui.png-atlas
[17Nov2024 07:52:43.427] [Render thread/INFO] [net.neoforged.neoforge.client.entity.animation.json.AnimationLoader/]: Loaded 0 entity animations
[17Nov2024 07:52:53.548] [Render thread/INFO] [net.minecraft.world.item.crafting.RecipeManager/]: Loaded 1337 recipes
[17Nov2024 07:52:53.557] [Render thread/INFO] [net.minecraft.advancements.AdvancementTree/]: Loaded 1448 advancements
[17Nov2024 07:52:55.897] [Server thread/INFO] [net.minecraft.client.server.IntegratedServer/]: Starting integrated minecraft server version 1.21.3
[17Nov2024 07:52:55.897] [Server thread/INFO] [net.minecraft.server.MinecraftServer/]: Generating keypair
[17Nov2024 07:52:59.213] [Server thread/INFO] [net.minecraft.server.MinecraftServer/]: Preparing start region for dimension minecraft:overworld
[17Nov2024 07:52:59.245] [progressListener/INFO] [net.minecraft.server.level.progress.LoggerChunkProgressListener/]: Preparing spawn area: 2%
[17Nov2024 07:52:59.738] [progressListener/INFO] [net.minecraft.server.level.progress.LoggerChunkProgressListener/]: Preparing spawn area: 2%
[17Nov2024 07:53:00.249] [progressListener/INFO] [net.minecraft.server.level.progress.LoggerChunkProgressListener/]: Preparing spawn area: 18%
[17Nov2024 07:53:00.745] [progressListener/INFO] [net.minecraft.server.level.progress.LoggerChunkProgressListener/]: Preparing spawn area: 18%
[17Nov2024 07:53:01.253] [progressListener/INFO] [net.minecraft.server.level.progress.LoggerChunkProgressListener/]: Preparing spawn area: 40%
[17Nov2024 07:53:01.731] [progressListener/INFO] [net.minecraft.server.level.progress.LoggerChunkProgressListener/]: Preparing spawn area: 40%
[17Nov2024 07:53:02.230] [progressListener/INFO] [net.minecraft.server.level.progress.LoggerChunkProgressListener/]: Preparing spawn area: 65%
[17Nov2024 07:53:02.791] [progressListener/INFO] [net.minecraft.server.level.progress.LoggerChunkProgressListener/]: Preparing spawn area: 71%
[17Nov2024 07:53:03.097] [Server thread/INFO] [net.neoforged.neoforge.server.permission.PermissionAPI/]: Successfully initialized permission handler neoforge:default_handler
[17Nov2024 07:53:03.100] [progressListener/INFO] [net.minecraft.server.level.progress.LoggerChunkProgressListener/]: Time elapsed: 3872 ms
[17Nov2024 07:53:03.122] [Server thread/INFO] [net.minecraft.client.server.IntegratedServer/]: Changing view distance to 12, from 10
[17Nov2024 07:53:03.122] [Server thread/INFO] [net.minecraft.client.server.IntegratedServer/]: Changing simulation distance to 12, from 0
[17Nov2024 07:53:03.764] [Server thread/INFO] [net.minecraft.server.players.PlayerList/]: Dev[local:E:a6a6b804] logged in with entity id 11 at (7.5, 64.0, 21.5)
[17Nov2024 07:53:03.790] [Server thread/INFO] [net.minecraft.server.MinecraftServer/]: Dev joined the game
[17Nov2024 07:53:04.318] [Render thread/INFO] [net.minecraft.advancements.AdvancementTree/]: Loaded 2 advancements
[17Nov2024 07:53:06.404] [Server thread/INFO] [net.minecraft.server.MinecraftServer/]: [Dev: Set own game mode to Creative Mode]
[17Nov2024 07:53:06.413] [Render thread/INFO] [net.minecraft.client.gui.components.ChatComponent/]: [System] [CHAT] Set own game mode to Creative Mode
[17Nov2024 07:53:13.332] [Server thread/INFO] [net.minecraft.server.MinecraftServer/]: [Dev: Gave 1 [item.arcane_divinity.arcane_altar] to Dev]
[17Nov2024 07:53:13.365] [Render thread/INFO] [net.minecraft.client.gui.components.ChatComponent/]: [System] [CHAT] Gave 1 [item.arcane_divinity.arcane_altar] to Dev
[17Nov2024 07:53:20.365] [Server thread/INFO] [net.minecraft.server.MinecraftServer/]: [Dev: Gave 1 [item.arcane_divinity.arcane_obelisk] to Dev]
[17Nov2024 07:53:20.368] [Render thread/INFO] [net.minecraft.client.gui.components.ChatComponent/]: [System] [CHAT] Gave 1 [item.arcane_divinity.arcane_obelisk] to Dev
[17Nov2024 07:53:28.394] [Server thread/INFO] [net.minecraft.server.MinecraftServer/]: [Dev: Gave 1 [item.arcane_divinity.pedestal] to Dev]
[17Nov2024 07:53:28.401] [Render thread/INFO] [net.minecraft.client.gui.components.ChatComponent/]: [System] [CHAT] Gave 1 [item.arcane_divinity.pedestal] to Dev
[17Nov2024 07:53:33.268] [Server thread/INFO] [net.minecraft.server.MinecraftServer/]: [Dev: Gave 1 [item.arcane_divinity.wings] to Dev]
[17Nov2024 07:53:33.276] [Render thread/INFO] [net.minecraft.client.gui.components.ChatComponent/]: [System] [CHAT] Gave 1 [item.arcane_divinity.wings] to Dev
[17Nov2024 07:53:51.198] [Server thread/INFO] [net.minecraft.client.server.IntegratedServer/]: Saving and pausing game...
[17Nov2024 07:53:51.221] [Server thread/INFO] [net.minecraft.server.MinecraftServer/]: Saving chunks for level 'ServerLevel[New World]'/minecraft:overworld
[17Nov2024 07:53:51.254] [Server thread/INFO] [net.minecraft.server.MinecraftServer/]: Saving chunks for level 'ServerLevel[New World]'/minecraft:the_end
[17Nov2024 07:53:51.254] [Server thread/INFO] [net.minecraft.server.MinecraftServer/]: Saving chunks for level 'ServerLevel[New World]'/minecraft:the_nether
[17Nov2024 07:53:52.557] [Server thread/INFO] [net.minecraft.server.network.ServerGamePacketListenerImpl/]: Dev lost connection: Disconnected
[17Nov2024 07:53:52.557] [Server thread/INFO] [net.minecraft.server.MinecraftServer/]: Dev left the game
[17Nov2024 07:53:52.574] [Server thread/INFO] [net.minecraft.server.network.ServerCommonPacketListenerImpl/]: Stopping singleplayer server as player logged out
[17Nov2024 07:53:52.608] [Server thread/INFO] [net.minecraft.server.MinecraftServer/]: Stopping server
[17Nov2024 07:53:52.608] [Server thread/INFO] [net.minecraft.server.MinecraftServer/]: Saving players
[17Nov2024 07:53:52.608] [Server thread/INFO] [net.minecraft.server.MinecraftServer/]: Saving worlds
[17Nov2024 07:53:53.445] [Server thread/INFO] [net.minecraft.server.MinecraftServer/]: Saving chunks for level 'ServerLevel[New World]'/minecraft:overworld
[17Nov2024 07:53:53.526] [Server thread/INFO] [net.minecraft.server.MinecraftServer/]: Saving chunks for level 'ServerLevel[New World]'/minecraft:the_end
[17Nov2024 07:53:53.530] [Server thread/INFO] [net.minecraft.server.MinecraftServer/]: Saving chunks for level 'ServerLevel[New World]'/minecraft:the_nether
[17Nov2024 07:53:53.542] [Server thread/INFO] [net.minecraft.server.MinecraftServer/]: ThreadedAnvilChunkStorage (New World): All chunks are saved
[17Nov2024 07:53:53.542] [Server thread/INFO] [net.minecraft.server.MinecraftServer/]: ThreadedAnvilChunkStorage (DIM1): All chunks are saved
[17Nov2024 07:53:53.542] [Server thread/INFO] [net.minecraft.server.MinecraftServer/]: ThreadedAnvilChunkStorage (DIM-1): All chunks are saved
[17Nov2024 07:53:53.542] [Server thread/INFO] [net.minecraft.server.MinecraftServer/]: ThreadedAnvilChunkStorage: All dimensions are saved
[17Nov2024 07:53:54.423] [Render thread/INFO] [net.minecraft.client.Minecraft/]: Stopping!
