[01:16:40] [main/INFO] (FabricLoader/GameProvider) Loading Minecraft 1.21.3 with Fabric Loader 0.16.9
[01:16:40] [main/INFO] (FabricLoader) Loading 55 mods:
	- arcane_divinity 21.3.10-beta
	- fabric-api 0.107.0+1.21.3
	- fabric-api-base 0.4.49+d21566ae40
	- fabric-api-lookup-api-v1 1.6.79+c47b9d4340
	- fabric-biome-api-v1 14.0.6+6c3b5d4940
	- fabric-block-api-v1 1.0.28+c47b9d4340
	- fabric-block-view-api-v2 1.0.16+c47b9d4340
	- fabric-blockrenderlayer-v1 2.0.3+c47b9d4340
	- fabric-client-tags-api-v1 1.1.23+c47b9d4340
	- fabric-command-api-v1 1.2.57+f71b366f40
	- fabric-command-api-v2 2.2.36+c47b9d4340
	- fabric-commands-v0 0.2.74+df3654b340
	- fabric-content-registries-v0 9.1.6+c47b9d4340
	- fabric-convention-tags-v1 2.1.1+7f945d5b40
	- fabric-convention-tags-v2 2.9.1+1ff58ec240
	- fabric-crash-report-info-v1 0.3.3+c47b9d4340
	- fabric-data-attachment-api-v1 1.2.0+d9873d8b40
	- fabric-data-generation-api-v1 21.0.15+c47b9d4340
	- fabric-dimensions-v1 4.0.7+c47b9d4340
	- fabric-entity-events-v1 2.0.6+c47b9d4340
	- fabric-events-interaction-v0 2.0.10+c47b9d4340
	- fabric-game-rule-api-v1 1.0.59+c47b9d4340
	- fabric-gametest-api-v1 2.0.14+c47b9d4340
	- fabric-item-api-v1 11.1.6+c47b9d4340
	- fabric-item-group-api-v1 4.1.16+e7c9ab6640
	- fabric-key-binding-api-v1 1.0.53+c47b9d4340
	- fabric-keybindings-v0 0.2.51+df3654b340
	- fabric-lifecycle-events-v1 2.4.0+4402f4ee40
	- fabric-loot-api-v2 3.0.25+3f89f5a540
	- fabric-loot-api-v3 1.0.13+c47b9d4340
	- fabric-message-api-v1 6.0.20+c47b9d4340
	- fabric-model-loading-api-v1 3.0.8+c47b9d4340
	- fabric-networking-api-v1 4.3.4+89cb0a4e40
	- fabric-object-builder-api-v1 17.0.8+c47b9d4340
	- fabric-particles-v1 4.0.9+c47b9d4340
	- fabric-recipe-api-v1 7.0.3+c47b9d4340
	- fabric-registry-sync-v0 5.2.1+89cb0a4e40
	- fabric-renderer-api-v1 4.0.4+c47b9d4340
	- fabric-renderer-indigo 1.9.4+c47b9d4340
	- fabric-rendering-data-attachment-v1 0.3.54+73761d2e40
	- fabric-rendering-fluids-v1 3.1.14+c47b9d4340
	- fabric-rendering-v0 1.1.82+df3654b340
	- fabric-rendering-v1 8.0.6+c47b9d4340
	- fabric-resource-conditions-api-v1 5.0.8+c47b9d4340
	- fabric-resource-loader-v0 3.0.6+e82f21f740
	- fabric-screen-api-v1 2.0.33+c47b9d4340
	- fabric-screen-handler-api-v1 1.3.99+c47b9d4340
	- fabric-sound-api-v1 1.0.29+c47b9d4340
	- fabric-transfer-api-v1 5.4.1+c47b9d4340
	- fabric-transitive-access-wideners-v1 6.1.8+c47b9d4340
	- fabricloader 0.16.9
	- geckolib 4.7.1
	- java 21
	- minecraft 1.21.3
	- mixinextras 0.4.1
[01:16:40] [main/INFO] (FabricLoader/Mixin) SpongePowered MIXIN Subsystem Version=0.8.7 Source=file:/home/cx/.gradle/caches/modules-2/files-2.1/net.fabricmc/sponge-mixin/0.15.4+mixin.0.8.7/6a12aacc794f1078458433116e9ed42c1cc98096/sponge-mixin-0.15.4+mixin.0.8.7.jar Service=Knot/Fabric Env=CLIENT
[01:16:40] [main/INFO] (FabricLoader/Mixin) Loaded Fabric development mappings for mixin remapper!
[01:16:40] [main/INFO] (FabricLoader/Mixin) Compatibility level set to JAVA_21
[01:16:41] [main/INFO] (FabricLoader/MixinExtras|Service) Initializing MixinExtras via com.llamalad7.mixinextras.service.MixinExtrasServiceImpl(version=0.4.1).
[01:16:42] [Datafixer Bootstrap/INFO] (Minecraft) 237 Datafixer optimizations took 221 milliseconds
